<?xml version="1.0" encoding="UTF-8"?>
<!-- Generated by org.testng.reporters.JUnitReportReporter -->
<testsuite hostname="LAPTOP-LU9FG0N5" failures="0" tests="1" name="testcases.OpenAccountTest" time="0.064" errors="0" timestamp="2021-05-05T18:05:35 EDT" skipped="0">
  <testcase classname="testcases.OpenAccountTest" name="openAccountTest" time="0.064"/>
  <system-out/>
</testsuite> <!-- testcases.OpenAccountTest -->
