<?xml version="1.0" encoding="UTF-8"?>
<!-- Generated by org.testng.reporters.JUnitReportReporter -->
<testsuite hostname="LAPTOP-LU9FG0N5" failures="0" tests="1" name="testcases.LoginTest" time="2.147" errors="0" timestamp="2021-05-02T23:11:12 EDT" skipped="0">
  <testcase classname="testcases.LoginTest" name="loginAsBankmanager" time="2.147"/>
  <system-out/>
</testsuite> <!-- testcases.LoginTest -->
