<?xml version="1.0" encoding="UTF-8"?>
<!-- Generated by org.testng.reporters.JUnitReportReporter -->
<testsuite hostname="LAPTOP-LU9FG0N5" failures="0" tests="1" name="testcases.OpenAccountTest" time="0.930" errors="0" timestamp="06 May 2021 22:09:57 GMT" skipped="0">
  <testcase classname="testcases.OpenAccountTest" name="openAccountTest" time="0.930"/>
</testsuite> <!-- testcases.OpenAccountTest -->
