<?xml version="1.0" encoding="UTF-8"?>
<!-- Generated by org.testng.reporters.JUnitReportReporter -->
<testsuite hostname="LAPTOP-LU9FG0N5" failures="0" tests="5" name="testcases.AddCustomerTest" time="9.879" errors="0" timestamp="06 May 2021 22:09:57 GMT" skipped="1">
  <testcase classname="testcases.AddCustomerTest" name="addCustomerTest" time="0.001">
    <skipped/>
  </testcase> <!-- addCustomerTest -->
  <testcase classname="testcases.AddCustomerTest" name="addCustomerTest" time="2.424"/>
  <testcase classname="testcases.AddCustomerTest" name="addCustomerTest" time="2.355"/>
  <testcase classname="testcases.AddCustomerTest" name="addCustomerTest" time="2.278"/>
  <testcase classname="testcases.AddCustomerTest" name="addCustomerTest" time="2.821"/>
</testsuite> <!-- testcases.AddCustomerTest -->
